<?xml version="1.0" encoding="UTF-8"?>
<testsuite xmlns:xsi="http://www.w3.org/2001/XMLSchema-instance" xsi:noNamespaceSchemaLocation="https://maven.apache.org/surefire/maven-surefire-plugin/xsd/surefire-test-report.xsd" name="GreetMsgTest" time="12.085" tests="3" errors="0" skipped="0" failures="3">
  <properties>
[...]
</properties>
  <testcase name="shouldGreetUserInEnglish" classname="GreetMsgTest" time="4.073">
    <failure message="Should greet Daniel in english. ==&gt; expected: &lt;Hello Daniel&gt; but was: &lt;Daniel&gt;" type="org.opentest4j.AssertionFailedError"><![CDATA[org.opentest4j.AssertionFailedError: Should greet Daniel in english. ==> expected: <Hello Daniel> but was: <Daniel>
	at GreetMsgTest.shouldGreetUserInEnglish(GreetMsgTest.java:44)
]]></failure>
    <system-out><![CDATA[These test will fail until the fruit table is created: org.h2.jdbc.JdbcSQLNonTransientConnectionException: Connection is broken: "java.net.SocketTimeoutException: connect timed out: localhost" [90067-199]
org.h2.jdbc.JdbcSQLNonTransientConnectionException: Connection is broken: "java.net.SocketTimeoutException: connect timed out: localhost" [90067-199]
]]></system-out>
  </testcase>
  <testcase name="shouldGreetUserInAfrikaans" classname="GreetMsgTest" time="4.005">
    <failure message="Should greet Jim in afrikaans. ==&gt; expected: &lt;More Jim&gt; but was: &lt;Jim&gt;" type="org.opentest4j.AssertionFailedError"><![CDATA[org.opentest4j.AssertionFailedError: Should greet Jim in afrikaans. ==> expected: <More Jim> but was: <Jim>
	at GreetMsgTest.shouldGreetUserInAfrikaans(GreetMsgTest.java:50)
]]></failure>
    <system-out><![CDATA[These test will fail until the fruit table is created: org.h2.jdbc.JdbcSQLNonTransientConnectionException: Connection is broken: "java.net.SocketTimeoutException: connect timed out: localhost" [90067-199]
org.h2.jdbc.JdbcSQLNonTransientConnectionException: Connection is broken: "java.net.SocketTimeoutException: connect timed out: localhost" [90067-199]
]]></system-out>
  </testcase>
  <testcase name="shouldGreetUserInXhosa" classname="GreetMsgTest" time="4.004">
    <failure message="Should greet Belinda in xhosa. ==&gt; expected: &lt;Molo Belinda&gt; but was: &lt;Belinda&gt;" type="org.opentest4j.AssertionFailedError"><![CDATA[org.opentest4j.AssertionFailedError: Should greet Belinda in xhosa. ==> expected: <Molo Belinda> but was: <Belinda>
	at GreetMsgTest.shouldGreetUserInXhosa(GreetMsgTest.java:56)
]]></failure>
    <system-out><![CDATA[These test will fail until the fruit table is created: org.h2.jdbc.JdbcSQLNonTransientConnectionException: Connection is broken: "java.net.SocketTimeoutException: connect timed out: localhost" [90067-199]
org.h2.jdbc.JdbcSQLNonTransientConnectionException: Connection is broken: "java.net.SocketTimeoutException: connect timed out: localhost" [90067-199]
]]></system-out>
  </testcase>
</testsuite>